<?xml version="1.0" encoding="utf-8"?><testsuites name="pytest tests"><testsuite name="pytest" errors="0" failures="0" skipped="0" tests="21" time="5.814" timestamp="2026-02-16T00:51:17.891032+00:00" hostname="agent-env-5b0cc713-a15f-4fe7-a635-05b26a2d1dec"><testcase classname="backend.tests.test_certificates.TestAuthentication" name="test_login_success" time="0.363" /><testcase classname="backend.tests.test_certificates.TestAuthentication" name="test_login_invalid_password" time="0.366" /><testcase classname="backend.tests.test_certificates.TestCertificateEndpoints" name="test_get_user_certificates" time="0.589" /><testcase classname="backend.tests.test_certificates.TestCertificateEndpoints" name="test_verify_certificate" time="0.205" /><testcase classname="backend.tests.test_certificates.TestCertificateEndpoints" name="test_verify_invalid_certificate" time="0.122" /><testcase classname="backend.tests.test_certificates.TestCertificateEndpoints" name="test_download_certificate_pdf" time="0.156" /><testcase classname="backend.tests.test_certificates.TestCertificatePDFContent" name="test_pdf_turkish_characters" time="0.247" /><testcase classname="backend.tests.test_certificates.TestCertificatePDFContent" name="test_pdf_no_qr_code_images" time="0.166" /><testcase classname="backend.tests.test_certificates.TestCertificatePDFContent" name="test_pdf_upper_leader_message" time="0.216" /><testcase classname="backend.tests.test_certificates.TestCertificatePDFContent" name="test_pdf_certificate_structure" time="0.147" /><testcase classname="backend.tests.test_story_image.TestDistributorLogin" name="test_distributor_login_success" time="0.391" /><testcase classname="backend.tests.test_story_image.TestDistributorLogin" name="test_distributor_login_invalid_password" time="0.356" /><testcase classname="backend.tests.test_story_image.TestStoryImageEndpoint" name="test_story_image_returns_png" time="0.201" /><testcase classname="backend.tests.test_story_image.TestStoryImageEndpoint" name="test_story_image_dimensions" time="0.203" /><testcase classname="backend.tests.test_story_image.TestStoryImageEndpoint" name="test_story_image_invalid_certificate" time="0.172" /><testcase classname="backend.tests.test_story_image.TestStoryImageEndpoint" name="test_story_image_vs_pdf_same_cert" time="0.378" /><testcase classname="backend.tests.test_story_image.TestStoryImageContent" name="test_story_image_file_integrity" time="0.386" /><testcase classname="backend.tests.test_story_image.TestStoryImageContent" name="test_story_image_has_content" time="0.421" /><testcase classname="backend.tests.test_story_image.TestStoryImageContent" name="test_story_image_dark_background" time="0.297" /><testcase classname="backend.tests.test_story_image.TestCertificatePDFStillWorks" name="test_pdf_download_returns_pdf" time="0.135" /><testcase classname="backend.tests.test_story_image.TestCertificatePDFStillWorks" name="test_pdf_contains_turkish_characters" time="0.204" /></testsuite></testsuites>