<?xml version="1.0" encoding="utf-8"?><testsuites name="pytest tests"><testsuite name="pytest" errors="0" failures="0" skipped="0" tests="10" time="3.026" timestamp="2026-02-16T00:42:30.261191+00:00" hostname="agent-env-5b0cc713-a15f-4fe7-a635-05b26a2d1dec"><testcase classname="backend.tests.test_certificates.TestAuthentication" name="test_login_success" time="0.514" /><testcase classname="backend.tests.test_certificates.TestAuthentication" name="test_login_invalid_password" time="0.567" /><testcase classname="backend.tests.test_certificates.TestCertificateEndpoints" name="test_get_user_certificates" time="0.518" /><testcase classname="backend.tests.test_certificates.TestCertificateEndpoints" name="test_verify_certificate" time="0.135" /><testcase classname="backend.tests.test_certificates.TestCertificateEndpoints" name="test_verify_invalid_certificate" time="0.166" /><testcase classname="backend.tests.test_certificates.TestCertificateEndpoints" name="test_download_certificate_pdf" time="0.155" /><testcase classname="backend.tests.test_certificates.TestCertificatePDFContent" name="test_pdf_turkish_characters" time="0.218" /><testcase classname="backend.tests.test_certificates.TestCertificatePDFContent" name="test_pdf_no_qr_code_images" time="0.243" /><testcase classname="backend.tests.test_certificates.TestCertificatePDFContent" name="test_pdf_upper_leader_message" time="0.199" /><testcase classname="backend.tests.test_certificates.TestCertificatePDFContent" name="test_pdf_certificate_structure" time="0.194" /></testsuite></testsuites>